[22:46:59] [main/INFO]: Loading Minecraft 1.20.2 with Fabric Loader 0.16.3
[22:47:00] [main/WARN]: Warnings were found!
 - Mod 'Dynamic Lights' (dynamiclights) 1.8.5+mod recommends any version of modmenu, which is missing!
	 - You should install any version of modmenu for the optimal experience.
 - Mod 'Dynamic Lights' (dynamiclights) 1.8.5+mod recommends any version of modmenu-badges-lib, which is missing!
	 - You should install any version of modmenu-badges-lib for the optimal experience.
 - Mod 'Dynamic Lights' (dynamiclights) 1.8.5+mod recommends any version of midnightlib, which is missing!
	 - You should install any version of midnightlib for the optimal experience.
[22:47:00] [main/INFO]: Loading 34 mods:
	- c2me 0.2.0+alpha.11.24
	   |-- c2me-base 0.2.0+alpha.11.24
	   |-- c2me-client-uncapvd 0.2.0+alpha.11.24
	   |-- c2me-fixes-chunkio-threading-issues 0.2.0+alpha.11.24
	   |-- c2me-fixes-general-threading-issues 0.2.0+alpha.11.24
	   |-- c2me-fixes-worldgen-threading-issues 0.2.0+alpha.11.24
	   |-- c2me-fixes-worldgen-vanilla-bugs 0.2.0+alpha.11.24
	   |-- c2me-notickvd 0.2.0+alpha.11.24
	   |-- c2me-opts-allocs 0.2.0+alpha.11.24
	   |-- c2me-opts-chunk-access 0.2.0+alpha.11.24
	   |-- c2me-opts-chunkio 0.2.0+alpha.11.24
	   |-- c2me-opts-math 0.2.0+alpha.11.24
	   |-- c2me-opts-scheduling 0.2.0+alpha.11.24
	   |-- c2me-opts-worldgen-general 0.2.0+alpha.11.24
	   |-- c2me-opts-worldgen-vanilla 0.2.0+alpha.11.24
	   |-- c2me-rewrites-chunk-serializer 0.2.0+alpha.11.24
	   |-- c2me-rewrites-chunkio 0.2.0+alpha.11.24
	   |-- c2me-server-utils 0.2.0+alpha.11.24
	   |-- c2me-threading-chunkio 0.2.0+alpha.11.24
	   |-- c2me-threading-lighting 0.2.0+alpha.11.24
	   |-- c2me-threading-worldgen 0.2.0+alpha.11.24
	   |-- com_electronwill_night-config_core 3.6.5
	   |-- com_electronwill_night-config_toml 3.6.5
	   |-- com_ibm_async_asyncutil 0.1.0
	   |-- net_objecthunter_exp4j 0.4.8
	   \-- org_threadly_threadly 7.0
	- dynamiclights 1.8.5+mod
	- fabricloader 0.16.3
	   \-- mixinextras 0.4.1
	- ferritecore 6.0.1
	- java 21
	- lithium 0.12.0
	- minecraft 1.20.2
	- modernfix 5.10.1+mc1.20.2
	- noisium 2.3.0+mc1.20.2-1.20.4
[22:47:00] [main/INFO]: SpongePowered MIXIN Subsystem Version=0.8.7 Source=file:/workspaces/msx/servidor_minecraft/libraries/net/fabricmc/sponge-mixin/0.15.2+mixin.0.8.7/sponge-mixin-0.15.2+mixin.0.8.7.jar Service=Knot/Fabric Env=SERVER
[22:47:00] [main/INFO]: Compatibility level set to JAVA_16
[22:47:00] [main/INFO]: Compatibility level set to JAVA_17
[22:47:00] [main/INFO]: Initializing com.ishland.c2me.base.mixin
[22:47:00] [main/INFO]: Updating config from 0 to 1
[22:47:00] [main/INFO]: Updating config from 1 to 2
[22:47:00] [main/INFO]: Updating config from 2 to 3
[22:47:00] [main/INFO]: Initializing com.ishland.c2me.fixes.chunkio.threading_issues.mixin
[22:47:00] [main/INFO]: Initializing com.ishland.c2me.fixes.general.threading_issues.mixin
[22:47:00] [main/INFO]: Initializing com.ishland.c2me.fixes.worldgen.threading_issues.mixin
[22:47:00] [main/INFO]: Initializing com.ishland.c2me.fixes.worldgen.vanilla_bugs.mixin
[22:47:00] [main/INFO]: Initializing com.ishland.c2me.notickvd.mixin
[22:47:00] [main/INFO]: Initializing com.ishland.c2me.opts.allocs.mixin
[22:47:00] [main/INFO]: Initializing com.ishland.c2me.opts.chunk_access.mixin
[22:47:00] [main/INFO]: Initializing com.ishland.c2me.opts.chunkio.mixin
[22:47:00] [main/INFO]: Initializing com.ishland.c2me.opts.math.mixin
[22:47:00] [main/INFO]: Initializing com.ishland.c2me.opts.scheduling.mixin
[22:47:00] [main/INFO]: Initializing com.ishland.c2me.opts.worldgen.general.mixin
[22:47:00] [main/INFO]: Initializing com.ishland.c2me.opts.worldgen.vanilla.mixin
[22:47:00] [main/INFO]: Initializing com.ishland.c2me.rewrites.chunk_serializer.mixin
[22:47:00] [main/INFO]: Disabling com.ishland.c2me.rewrites.chunk_serializer.mixin
[22:47:00] [main/INFO]: Initializing com.ishland.c2me.rewrites.chunkio.mixin
[22:47:00] [main/INFO]: Disabling com.ishland.c2me.rewrites.chunkio.mixin
[22:47:00] [main/INFO]: Initializing com.ishland.c2me.server.utils.mixin
[22:47:00] [main/INFO]: Initializing com.ishland.c2me.threading.chunkio.mixin
[22:47:00] [main/INFO]: Initializing com.ishland.c2me.threading.lighting.mixin
[22:47:00] [main/INFO]: Initializing com.ishland.c2me.threading.worldgen.mixin
[22:47:00] [main/INFO]: Disabling com.ishland.c2me.threading.worldgen.mixin
[22:47:00] [main/WARN]: Mod 'c2me' attempted to override option 'mixin.world.player_chunk_tick', which doesn't exist, ignoring
[22:47:00] [main/INFO]: Loaded configuration file for Lithium: 125 options available, 1 override(s) found
[22:47:01] [main/INFO]: Loaded configuration file for ModernFix 5.10.1+mc1.20.2: 52 options available, 4 override(s) found
[22:47:01] [main/WARN]: Option 'mixin.bugfix.paper_chunk_patches' overriden (by mods [c2me]) to 'false'
[22:47:01] [main/WARN]: Option 'mixin.perf.cache_strongholds' overriden (by mods [c2me]) to 'false'
[22:47:01] [main/WARN]: Option 'mixin.perf.nbt_memory_usage' overriden (by mods [c2me]) to 'false'
[22:47:01] [main/WARN]: Option 'mixin.bugfix.chunk_deadlock' overriden (by mods [c2me]) to 'false'
[22:47:01] [main/INFO]: Applying Nashorn fix
[22:47:01] [main/WARN]: Force-disabling mixin 'alloc.blockstate.StateMixin' as rule 'mixin.alloc.blockstate' (added by mods [ferritecore]) disables it and children
[22:47:01] [main/WARN]: Error loading class: net/minecraft/class_8673 (java.lang.ClassNotFoundException: net/minecraft/class_8673)
[22:47:01] [main/WARN]: @Mixin target net.minecraft.class_8673 was not found modernfix-fabric.mixins.json:core.ClientCommonPacketListenerImplMixin from mod modernfix
[22:47:01] [main/INFO]: Initializing MixinExtras via com.llamalad7.mixinextras.service.MixinExtrasServiceImpl(version=0.4.1).
[22:47:04] [main/INFO]: Injecting BlockStateBase cache population hook into getNeighborPathNodeType from me.jellysquid.mods.lithium.mixin.ai.pathing.AbstractBlockStateMixin
[22:47:04] [main/INFO]: Injecting BlockStateBase cache population hook into getPathNodeType from me.jellysquid.mods.lithium.mixin.ai.pathing.AbstractBlockStateMixin
[22:47:04] [main/INFO]: Injecting BlockStateBase cache population hook into getAllFlags from me.jellysquid.mods.lithium.mixin.util.block_tracking.AbstractBlockStateMixin
[22:47:07] [main/WARN]: Method overwrite conflict for method_21740 in modernfix-common.mixins.json:perf.remove_biome_temperature_cache.BiomeMixin from mod modernfix, previously written by me.jellysquid.mods.lithium.mixin.world.temperature_cache.BiomeMixin. Skipping method.
[22:47:07] [main/INFO]: Vanilla bootstrap took 5009 milliseconds
[22:47:07] [main/INFO]: [Dynamic Lights] Loaded Dynamic Lights by Tschipcraft successfully!
[22:47:07] [main/INFO]: Loading Noisium.
[22:47:07] [main/INFO]: Environment: Environment[accountsHost=https://api.mojang.com, sessionHost=https://sessionserver.mojang.com, servicesHost=https://api.minecraftservices.com, name=PROD]
[22:47:07] [main/INFO]: Bypassed Mojang DFU
[22:47:09] [main/INFO]: Loaded 7 recipes
[22:47:09] [main/INFO]: Loaded 1271 advancements
[22:47:09] [Server thread/INFO]: Starting minecraft server version 1.20.2
[22:47:09] [Server thread/INFO]: Loading properties
[22:47:09] [Server thread/INFO]: Default game type: SURVIVAL
[22:47:09] [Server thread/INFO]: Generating keypair
[22:47:09] [Server thread/INFO]: Starting Minecraft server on *:25565
[22:47:10] [Server thread/INFO]: Using epoll channel type
[22:47:10] [Server thread/WARN]: **** SERVER IS RUNNING IN OFFLINE/INSECURE MODE!
[22:47:10] [Server thread/WARN]: The server will make no attempt to authenticate usernames. Beware.
[22:47:10] [Server thread/WARN]: While this makes the game possible to play without internet access, it also opens up the ability for hackers to connect with any username they choose.
[22:47:10] [Server thread/WARN]: To change this, set "online-mode" to "true" in the server.properties file.
[22:47:10] [Server thread/INFO]: Preparing level "world"
[22:47:10] [Server thread/INFO]: Enforcing safe world random access
[22:47:13] [Server thread/INFO]: Preparing start region for dimension minecraft:overworld
[22:47:13] [Worker-Main-2/INFO]: Preparing spawn area: 0%
[22:47:13] [Worker-Main-1/INFO]: Preparing spawn area: 0%
[22:47:14] [Server thread/INFO]: Preparing spawn area: 0%
[22:47:14] [Server thread/INFO]: Preparing spawn area: 0%
[22:47:15] [Worker-Main-3/INFO]: Preparing spawn area: 0%
[22:47:15] [Worker-Main-1/INFO]: Preparing spawn area: 2%
[22:47:16] [Worker-Main-1/INFO]: Preparing spawn area: 2%
[22:47:16] [Worker-Main-1/INFO]: Preparing spawn area: 3%
[22:47:17] [Worker-Main-2/INFO]: Preparing spawn area: 6%
[22:47:17] [Worker-Main-3/INFO]: Preparing spawn area: 17%
[22:47:18] [Worker-Main-1/INFO]: Preparing spawn area: 21%
[22:47:18] [Server thread/INFO]: Time elapsed: 5480 ms
[22:47:18] [Server thread/INFO]: Done (8.438s)! For help, type "help"
[22:47:18] [Server thread/WARN]: Dedicated server took 19.899 seconds to load
[22:47:26] [Server thread/INFO]: renegadep[/[0:0:0:0:0:0:0:1%0]:60250] logged in with entity id 80 at (-109.14496925385988, 136.0, 609.819315023812)
[22:47:26] [Server thread/INFO]: renegadep joined the game
[22:48:38] [Server thread/INFO]: Unknown or incomplete command, see below for error
[22:48:38] [Server thread/INFO]: STOP<--[HERE]
[22:48:42] [Server thread/INFO]: Stopping the server
[22:48:42] [Server thread/INFO]: Stopping server
[22:48:42] [Server thread/INFO]: Saving players
[22:48:42] [Server thread/INFO]: renegadep lost connection: Disconnected
[22:48:42] [Server thread/INFO]: renegadep left the game
[22:48:42] [Server thread/INFO]: Saving worlds
[22:48:43] [Server thread/INFO]: Saving chunks for level 'ServerLevel[world]'/minecraft:overworld
[22:48:45] [Server thread/INFO]: Saving chunks for level 'ServerLevel[world]'/minecraft:the_nether
[22:48:45] [Server thread/INFO]: Saving chunks for level 'ServerLevel[world]'/minecraft:the_end
[22:48:45] [Server thread/INFO]: ThreadedAnvilChunkStorage (world): All chunks are saved
[22:48:45] [Server thread/INFO]: ThreadedAnvilChunkStorage (DIM-1): All chunks are saved
[22:48:45] [Server thread/INFO]: ThreadedAnvilChunkStorage (DIM1): All chunks are saved
[22:48:45] [Server thread/INFO]: ThreadedAnvilChunkStorage: All dimensions are saved
